15:39:32.693 skipping bootstrap configuration: could not find or read file: classpath:karate-config.js
15:39:33.269 request:
1 > GET https://reqres.in/api/users/2
1 > Accept-Encoding: gzip,deflate
1 > Connection: Keep-Alive
1 > Host: reqres.in
1 > User-Agent: Apache-HttpClient/4.5.5 (Java/1.8.0_162-ea)

15:39:34.217 response time in milliseconds: 943.47
1 < 200
1 < Access-Control-Allow-Origin: *
1 < Age: 6931
1 < CF-Cache-Status: HIT
1 < CF-RAY: 63808b12ffc5561b-SIN
1 < Cache-Control: max-age=14400
1 < Connection: keep-alive
1 < Content-Type: application/json; charset=utf-8
1 < Date: Tue, 30 Mar 2021 10:09:35 GMT
1 < Etag: W/"118-pbdwwFo9SKNhD3Lx5iHJyngpq00"
1 < Expect-CT: max-age=604800, report-uri="https://report-uri.cloudflare.com/cdn-cgi/beacon/expect-ct"
1 < NEL: {"report_to":"cf-nel","max_age":604800}
1 < Report-To: {"group":"cf-nel","max_age":604800,"endpoints":[{"url":"https:\/\/a.nel.cloudflare.com\/report?s=MeKT1Xvrj5Zbz9duNN%2FiB%2Bv3pxhTL%2B1Q6wMoWXcfHiLaf9mKJ6waJzApgI8xrUWLVHG%2BZLuqTEJm3eFt9S6743OR%2FfkHYrrPiNE%3D"}]}
1 < Server: cloudflare
1 < Set-Cookie: __cfduid=d7218f269cbca809cae256f4cca3f6f441617098975; expires=Thu, 29-Apr-21 10:09:35 GMT; path=/; domain=.reqres.in; HttpOnly; SameSite=Lax; Secure
1 < Transfer-Encoding: chunked
1 < Vary: Accept-Encoding
1 < Via: 1.1 vegur
1 < X-Powered-By: Express
1 < alt-svc: h3-27=":443"; ma=86400, h3-28=":443"; ma=86400, h3-29=":443"; ma=86400
1 < cf-request-id: 0924353fd80000561b23bb4000000001
{"data":{"id":2,"email":"janet.weaver@reqres.in","first_name":"Janet","last_name":"Weaver","avatar":"https://reqres.in/img/faces/2-image.jpg"},"support":{"url":"https://reqres.in/#support-heading","text":"To keep ReqRes free, contributions towards server costs are appreciated!"}}

