15:06:48.772 skipping bootstrap configuration: could not find or read file: classpath:karate-config.js
15:06:49.480 request:
1 > GET https://gorest.co.in/public-api/users?name=varma
1 > Accept-Encoding: gzip,deflate
1 > Authorization: Bearer
1 > Connection: Keep-Alive
1 > Host: gorest.co.in
1 > User-Agent: Apache-HttpClient/4.5.5 (Java/1.8.0_162-ea)

15:06:50.348 response time in milliseconds: 864.38
1 < 200
1 < Cache-Control: max-age=0, private, must-revalidate
1 < Connection: keep-alive
1 < Content-Type: application/json; charset=utf-8
1 < Date: Mon, 29 Mar 2021 09:36:50 GMT
1 < ETag: W/"9fb1c47b539ba72918b6e7a62c7d9320"
1 < Expect-CT: enforce; max-age=3600
1 < Referrer-Policy: strict-origin-when-cross-origin
1 < Server: nginx
1 < Strict-Transport-Security: max-age=31536000; includeSubDomains
1 < Transfer-Encoding: chunked
1 < Vary: [Accept-Encoding, Origin]
1 < X-Content-Type-Options: nosniff
1 < X-Download-Options: noopen
1 < X-Frame-Options: [SAMEORIGIN, sameorigin]
1 < X-Permitted-Cross-Domain-Policies: none
1 < X-Request-Id: 02aca01d-d220-49e6-88ec-3932ec69ce4c
1 < X-Runtime: 0.006253
1 < X-XSS-Protection: 1; mode=block
{"code":200,"meta":{"pagination":{"total":31,"pages":2,"page":1,"limit":20}},"data":[{"id":46,"name":"Aasa Varma","email":"aasa_varma@mcglynn.info","gender":"Male","status":"Active","created_at":"2021-03-29T03:50:04.822+05:30","updated_at":"2021-03-29T03:50:04.822+05:30"},{"id":67,"name":"Lai Varman","email":"lai_varman@frami-cummerata.io","gender":"Female","status":"Inactive","created_at":"2021-03-29T03:50:05.277+05:30","updated_at":"2021-03-29T03:50:05.277+05:30"},{"id":255,"name":"Chitrali Varma","email":"varma_chitrali@nikolaus.info","gender":"Female","status":"Inactive","created_at":"2021-03-29T03:50:08.109+05:30","updated_at":"2021-03-29T03:50:08.109+05:30"},{"id":348,"name":"Lavanya Varma","email":"lavanya_varma@flatley.co","gender":"Female","status":"Inactive","created_at":"2021-03-29T03:50:09.420+05:30","updated_at":"2021-03-29T03:50:09.420+05:30"},{"id":377,"name":"Anuraag Varman","email":"varman_anuraag@marks-bernier.co","gender":"Male","status":"Active","created_at":"2021-03-29T03:50:09.886+05:30","updated_at":"2021-03-29T03:50:09.886+05:30"},{"id":405,"name":"Girija Varman","email":"girija_varman@zieme-treutel.biz","gender":"Male","status":"Active","created_at":"2021-03-29T03:50:10.313+05:30","updated_at":"2021-03-29T03:50:10.313+05:30"},{"id":441,"name":"Soma Varma","email":"varma_soma@stoltenberg.com","gender":"Male","status":"Active","created_at":"2021-03-29T03:50:10.889+05:30","updated_at":"2021-03-29T03:50:10.889+05:30"},{"id":443,"name":"Amb. Maheswar Varman","email":"maheswar_varman_amb@skiles-harber.io","gender":"Male","status":"Active","created_at":"2021-03-29T03:50:10.921+05:30","updated_at":"2021-03-29T03:50:10.921+05:30"},{"id":505,"name":"Urmila Varma","email":"urmila_varma@kuhlman.io","gender":"Male","status":"Active","created_at":"2021-03-29T03:50:12.006+05:30","updated_at":"2021-03-29T03:50:12.006+05:30"},{"id":524,"name":"Tejas Varman","email":"tejas_varman@prosacco-kertzmann.info","gender":"Female","status":"Inactive","created_at":"2021-03-29T03:50:12.316+05:30","updated_at":"2021-03-29T03:50:12.316+05:30"},{"id":526,"name":"Tejas Varman","email":"tejas_varman@ebert.info","gender":"Male","status":"Active","created_at":"2021-03-29T03:50:12.331+05:30","updated_at":"2021-03-29T03:50:12.331+05:30"},{"id":528,"name":"Anasuya Varman","email":"varman_anasuya@zieme.io","gender":"Female","status":"Inactive","created_at":"2021-03-29T03:50:12.369+05:30","updated_at":"2021-03-29T03:50:12.369+05:30"},{"id":620,"name":"Surya Varma","email":"varma_surya@mckenzie.net","gender":"Female","status":"Inactive","created_at":"2021-03-29T03:50:13.815+05:30","updated_at":"2021-03-29T03:50:13.815+05:30"},{"id":656,"name":"Charak Varman","email":"varman_charak@jacobs.io","gender":"Male","status":"Inactive","created_at":"2021-03-29T03:50:14.360+05:30","updated_at":"2021-03-29T03:50:14.360+05:30"},{"id":714,"name":"Goswamee Varma","email":"goswamee_varma@torp-kulas.net","gender":"Female","status":"Active","created_at":"2021-03-29T03:50:15.339+05:30","updated_at":"2021-03-29T03:50:15.339+05:30"},{"id":768,"name":"Chandraprabha Varman Ret.","email":"ret_varman_chandraprabha@moore-gislason.net","gender":"Male","status":"Active","created_at":"2021-03-29T03:50:16.284+05:30","updated_at":"2021-03-29T03:50:16.284+05:30"},{"id":777,"name":"Parvati Varma","email":"varma_parvati@moore.org","gender":"Female","status":"Active","created_at":"2021-03-29T03:50:16.400+05:30","updated_at":"2021-03-29T03:50:16.400+05:30"},{"id":818,"name":"Chandi Varma V","email":"varma_v_chandi@stroman.info","gender":"Male","status":"Active","created_at":"2021-03-29T03:50:16.981+05:30","updated_at":"2021-03-29T03:50:16.981+05:30"},{"id":827,"name":"Adityanandana Varman IV","email":"varman_adityanandana_iv@spencer-okuneva.com","gender":"Male","status":"Inactive","created_at":"2021-03-29T03:50:17.126+05:30","updated_at":"2021-03-29T03:50:17.126+05:30"},{"id":906,"name":"Amb. Satyen Varma","email":"satyen_amb_varma@wunsch.biz","gender":"Male","status":"Active","created_at":"2021-03-29T03:50:18.336+05:30","updated_at":"2021-03-29T03:50:18.336+05:30"}]}

